Arguments: 
  C:\Program Files\nodejs\node.exe C:\Users\TM\AppData\Roaming\npm\node_modules\yarn\bin\yarn.js add babel-cli babel-preset-env babel-preset-stage3 --dev

PATH: 
  C:\Program Files\Git\mingw64\bin;C:\Program Files\Git\usr\bin;C:\Users\TM\bin;C:\Program Files\Common Files\Oracle\Java\javapath;C:\Program Files (x86)\Common Files\Oracle\Java\javapath;C:\app\dagy\product\11.2.0\dbhome_2\bin;C:\WINDOWS\system32;C:\WINDOWS;C:\WINDOWS\System32\Wbem;C:\WINDOWS\System32\WindowsPowerShell\v1.0;C:\WINDOWS\System32\OpenSSH;C:\Program Files\Java\jdk-11.0.8\bin;C:\Program Files\Git\cmd;C:\Program Files\nodejs;C:\Users\TM\AppData\Local\Microsoft\WindowsApps;C:\Users\TM\AppData\Local\Programs\Microsoft VS Code\bin;C:\Users\TM\AppData\Local\GitHubDesktop\bin;C:\Users\TM\AppData\Roaming\npm;C:\Program Files (x86)\ESTsoft\ALSee\x64

Yarn version: 
  1.22.10

Node version: 
  12.18.0

Platform: 
  win32 x64

Trace: 
  Error: https://registry.yarnpkg.com/babel-preset-stage3: Not found
      at Request.params.callback [as _callback] (C:\Users\TM\AppData\Roaming\npm\node_modules\yarn\lib\cli.js:66988:18)
      at Request.self.callback (C:\Users\TM\AppData\Roaming\npm\node_modules\yarn\lib\cli.js:140662:22)
      at Request.emit (events.js:315:20)
      at Request.<anonymous> (C:\Users\TM\AppData\Roaming\npm\node_modules\yarn\lib\cli.js:141634:10)
      at Request.emit (events.js:315:20)
      at IncomingMessage.<anonymous> (C:\Users\TM\AppData\Roaming\npm\node_modules\yarn\lib\cli.js:141556:12)
      at Object.onceWrapper (events.js:421:28)
      at IncomingMessage.emit (events.js:327:22)
      at endReadableNT (_stream_readable.js:1221:12)
      at processTicksAndRejections (internal/process/task_queues.js:84:21)

npm manifest: 
  {
    "name": "movieql",
    "version": "1.0.0",
    "description": "Movie API with Graphql",
    "main": "index.js",
    "repository": "https://github.com/dagyoung93/movieql",
    "author": "dagyoung yeon<dagyoung93@gmail.com>",
    "license": "MIT",
    "dependencies": {
      "graphql": "^15.3.0"
    },
    "scripts": {
      "start": "nodemon --exec babel-node index.js"
    },
    "devDependencies": {
      "babel-node": "^0.0.1-security"
    }
  }

yarn manifest: 
  No manifest

Lockfile: 
  # THIS IS AN AUTOGENERATED FILE. DO NOT EDIT THIS FILE DIRECTLY.
  # yarn lockfile v1
  
  
  babel-node@^0.0.1-security:
    version "0.0.1-security"
    resolved "https://registry.yarnpkg.com/babel-node/-/babel-node-0.0.1-security.tgz#cbff6d9e7a2acb4065c1839c234d5c57091d7217"
    integrity sha512-zF3D9H2FA2xrP+B/X462G+38aHpmR+33jBF7NowfPuV4CiPEzAR1Typ1RC+qPfe0vCeWeV0FLG2pfVGb0vIfeg==
  
  graphql@^15.3.0:
    version "15.3.0"
    resolved "https://registry.yarnpkg.com/graphql/-/graphql-15.3.0.tgz#3ad2b0caab0d110e3be4a5a9b2aa281e362b5278"
    integrity sha512-GTCJtzJmkFLWRfFJuoo9RWWa/FfamUHgiFosxi/X1Ani4AVWbeyBenZTNX6dM+7WSbbFfTo/25eh0LLkwHMw2w==
